<?xml version="1.0" encoding="UTF-8"?>
<testng-results ignored="0" total="3" passed="3" failed="0" skipped="0">
  <reporter-output>
  </reporter-output>
  <suite started-at="2020-06-28T07:38:00Z" name="AllTests" finished-at="2020-06-28T07:38:26Z" duration-ms="25452">
    <groups>
    </groups>
    <test started-at="2020-06-28T07:38:00Z" name="PositiveTests" finished-at="2020-06-28T07:38:09Z" duration-ms="8703">
      <class name="com.herokuapp.theinternet.PositiveTests">
        <test-method signature="loginTest()[pri:0, instance:com.herokuapp.theinternet.PositiveTests@723e88f9]" started-at="2020-06-28T07:38:00Z" name="loginTest" finished-at="2020-06-28T07:38:09Z" duration-ms="8687" status="PASS">
          <reporter-output>
          </reporter-output>
        </test-method> <!-- loginTest -->
      </class> <!-- com.herokuapp.theinternet.PositiveTests -->
    </test> <!-- PositiveTests -->
    <test started-at="2020-06-28T07:38:09Z" name="NegativeTests" finished-at="2020-06-28T07:38:26Z" duration-ms="16729">
      <class name="com.herokuapp.theinternet.NegativeTests">
        <test-method signature="incorrectPasswordTest()[pri:0, instance:com.herokuapp.theinternet.NegativeTests@2fba3fc4]" started-at="2020-06-28T07:38:09Z" name="incorrectPasswordTest" finished-at="2020-06-28T07:38:17Z" duration-ms="8312" status="PASS">
          <reporter-output>
          </reporter-output>
        </test-method> <!-- incorrectPasswordTest -->
        <test-method signature="incorrectUsernameTest()[pri:0, instance:com.herokuapp.theinternet.NegativeTests@2fba3fc4]" started-at="2020-06-28T07:38:17Z" name="incorrectUsernameTest" finished-at="2020-06-28T07:38:26Z" duration-ms="8416" status="PASS">
          <reporter-output>
          </reporter-output>
        </test-method> <!-- incorrectUsernameTest -->
      </class> <!-- com.herokuapp.theinternet.NegativeTests -->
    </test> <!-- NegativeTests -->
  </suite> <!-- AllTests -->
</testng-results>
